Using pre-set license
Built from '2021.1/staging' branch; Version is '2021.1.5f1 (3737af19df53) revision 3618735'; Using compiler version '192528614'; Build Type 'Release'
OS: 'Windows 10 Home Single Language; OS build 19042.985; Version 2009; 64bit' Language: 'pt' Physical Memory: 8066 MB
BatchMode: 1, IsHumanControllingUs: 0, StartBugReporterOnCrash: 0, Is64bit: 1, IsPro: 0

 COMMAND LINE ARGUMENTS:
C:\Program Files\Unity\Hub\Editor\2021.1.5f1\Editor\Unity.exe
-adb2
-batchMode
-noUpm
-name
AssetImportWorker0
-projectPath
C:/Users/Professor/Documents/GitHub/TowerDefense3D/TowerDefense
-logFile
Logs/AssetImportWorker0.log
-srvPort
55184
Successfully changed project path to: C:/Users/Professor/Documents/GitHub/TowerDefense3D/TowerDefense
C:/Users/Professor/Documents/GitHub/TowerDefense3D/TowerDefense
Using Asset Import Pipeline V2.
Refreshing native plugins compatible for Editor in 135.53 ms, found 1 plugins.
Preloading 0 native plugins for Editor in 0.00 ms.
Initialize engine version: 2021.1.5f1 (3737af19df53)
[Subsystems] Discovering subsystems at path C:/Program Files/Unity/Hub/Editor/2021.1.5f1/Editor/Data/Resources/UnitySubsystems
[Subsystems] Discovering subsystems at path C:/Users/Professor/Documents/GitHub/TowerDefense3D/TowerDefense/Assets
GfxDevice: creating device client; threaded=0; jobified=0
Direct3D:
    Version:  Direct3D 11.0 [level 11.0]
    Renderer: NVIDIA GeForce 940MX (ID=0x134d)
    Vendor:   NVIDIA
    VRAM:     2010 MB
    Driver:   27.21.14.6627
Initialize mono
Mono path[0] = 'C:/Program Files/Unity/Hub/Editor/2021.1.5f1/Editor/Data/Managed'
Mono path[1] = 'C:/Program Files/Unity/Hub/Editor/2021.1.5f1/Editor/Data/MonoBleedingEdge/lib/mono/unityjit'
Mono config path = 'C:/Program Files/Unity/Hub/Editor/2021.1.5f1/Editor/Data/MonoBleedingEdge/etc'
Using monoOptions --debugger-agent=transport=dt_socket,embedding=1,server=y,suspend=n,address=127.0.0.1:56068
Begin MonoManager ReloadAssembly
Registering precompiled unity dll's ...
Register platform support module: C:/Program Files/Unity/Hub/Editor/2021.1.5f1/Editor/Data/PlaybackEngines/WindowsStandaloneSupport/UnityEditor.WindowsStandalone.Extensions.dll
Registered in 0.006935 seconds.
Native extension for WindowsStandalone target not found
Refreshing native plugins compatible for Editor in 257.59 ms, found 1 plugins.
Preloading 0 native plugins for Editor in 0.00 ms.
Mono: successfully reloaded assembly
- Completed reload, in  5.983 seconds
Platform modules already initialized, skipping
Registering precompiled user dll's ...
Registered in 0.028223 seconds.
Begin MonoManager ReloadAssembly
Native extension for WindowsStandalone target not found
Refreshing native plugins compatible for Editor in 0.60 ms, found 1 plugins.
Preloading 0 native plugins for Editor in 0.00 ms.
Mono: successfully reloaded assembly
- Completed reload, in  2.371 seconds
Platform modules already initialized, skipping
========================================================================
Worker process is ready to serve import requests
Launched and connected shader compiler UnityShaderCompiler.exe after 0.33 seconds
Refreshing native plugins compatible for Editor in 0.61 ms, found 1 plugins.
Preloading 0 native plugins for Editor in 0.00 ms.
Unloading 2672 Unused Serialized files (Serialized files now loaded: 0)
System memory in use before: 98.1 MB.
System memory in use after: 98.3 MB.

Unloading 14 unused Assets to reduce memory usage. Loaded Objects now: 3125.
Total: 4.424800 ms (FindLiveObjects: 0.563900 ms CreateObjectMapping: 0.271800 ms MarkObjects: 3.386600 ms  DeleteObjects: 0.199800 ms)

========================================================================
Received Import Request.
  path: Assets/New Terrain.asset
  artifactKey: Guid(57ee52c93876b254b8c1ca79d694a60c) Importer(815301076,1909f56bfc062723c751e8b465ee728b)
Start importing Assets/New Terrain.asset using Guid(57ee52c93876b254b8c1ca79d694a60c) Importer(815301076,1909f56bfc062723c751e8b465ee728b)  -> (artifact id: '64123c5fa7a99488202825d3992e2ed5') in 0.520445 seconds 
========================================================================
Received Import Request.
  Time since last request: 0.000549 seconds.
  path: Assets/Scenes/SampleScene.unity
  artifactKey: Guid(9fc0d4010bbf28b4594072e72b8655ab) Importer(815301076,1909f56bfc062723c751e8b465ee728b)
Start importing Assets/Scenes/SampleScene.unity using Guid(9fc0d4010bbf28b4594072e72b8655ab) Importer(815301076,1909f56bfc062723c751e8b465ee728b)  -> (artifact id: '0aeb8ee9ac4fe8e1fe6f2db537ed1ac8') in 0.006003 seconds 
========================================================================
Received Prepare
Registering precompiled user dll's ...
Registered in 0.005839 seconds.
Begin MonoManager ReloadAssembly
Native extension for WindowsStandalone target not found
Refreshing native plugins compatible for Editor in 0.78 ms, found 1 plugins.
Preloading 0 native plugins for Editor in 0.00 ms.
Mono: successfully reloaded assembly
- Completed reload, in  3.912 seconds
Platform modules already initialized, skipping
Refreshing native plugins compatible for Editor in 1.15 ms, found 1 plugins.
Preloading 0 native plugins for Editor in 0.00 ms.
Unloading 2666 Unused Serialized files (Serialized files now loaded: 0)
System memory in use before: 98.0 MB.
System memory in use after: 98.3 MB.

Unloading 9 unused Assets to reduce memory usage. Loaded Objects now: 3128.
Total: 17.005700 ms (FindLiveObjects: 0.998600 ms CreateObjectMapping: 1.685800 ms MarkObjects: 14.187800 ms  DeleteObjects: 0.130800 ms)

========================================================================
Received Import Request.
  Time since last request: 1141.802321 seconds.
  path: Assets/Scripts/Bullet.cs
  artifactKey: Guid(ad587aa881157154fb2c4e9ce6e25e9c) Importer(815301076,1909f56bfc062723c751e8b465ee728b)
Start importing Assets/Scripts/Bullet.cs using Guid(ad587aa881157154fb2c4e9ce6e25e9c) Importer(815301076,1909f56bfc062723c751e8b465ee728b)  -> (artifact id: '03a3d6d06235a5616578042a6c0e457d') in 0.077008 seconds 
========================================================================
Received Import Request.
  Time since last request: 3.625470 seconds.
  path: Assets/Scripts/EnemyManager.cs
  artifactKey: Guid(4e4b943cd91e03046a04f2228ca2c487) Importer(815301076,1909f56bfc062723c751e8b465ee728b)
Start importing Assets/Scripts/EnemyManager.cs using Guid(4e4b943cd91e03046a04f2228ca2c487) Importer(815301076,1909f56bfc062723c751e8b465ee728b)  -> (artifact id: '7a4bce06cbd5395b23b48cf07afcdc5d') in 0.059477 seconds 
========================================================================
Received Import Request.
  Time since last request: 2.120767 seconds.
  path: Assets/Scripts/EnemySpawner.cs
  artifactKey: Guid(e74e6facd7f8ad84abea51f580106d90) Importer(815301076,1909f56bfc062723c751e8b465ee728b)
Start importing Assets/Scripts/EnemySpawner.cs using Guid(e74e6facd7f8ad84abea51f580106d90) Importer(815301076,1909f56bfc062723c751e8b465ee728b)  -> (artifact id: '7c954cdc80cccdce65a00a783a2f6a19') in 0.030490 seconds 
========================================================================
Received Import Request.
  Time since last request: 4.280654 seconds.
  path: Assets/Scripts
  artifactKey: Guid(0dfaa82c0ff63924cb54f9b87a206e2a) Importer(815301076,1909f56bfc062723c751e8b465ee728b)
Start importing Assets/Scripts using Guid(0dfaa82c0ff63924cb54f9b87a206e2a) Importer(815301076,1909f56bfc062723c751e8b465ee728b)  -> (artifact id: '57d9969c178c86ab73b5a52e4cc1eaeb') in 0.046664 seconds 
========================================================================
Received Import Request.
  Time since last request: 26.498710 seconds.
  path: Assets/Scripts/EnemyFollowPath.cs
  artifactKey: Guid(71508f37193c2b5428b9f8a745a73752) Importer(815301076,1909f56bfc062723c751e8b465ee728b)
Start importing Assets/Scripts/EnemyFollowPath.cs using Guid(71508f37193c2b5428b9f8a745a73752) Importer(815301076,1909f56bfc062723c751e8b465ee728b)  -> (artifact id: 'b8d61a661ef10eef1228d614e1d151ac') in 0.016482 seconds 
========================================================================
Received Import Request.
  Time since last request: 23.901043 seconds.
  path: Assets/Prefab/Path1.prefab
  artifactKey: Guid(e62694fceaec3a74d94f564d94c1ed46) Importer(815301076,1909f56bfc062723c751e8b465ee728b)
Start importing Assets/Prefab/Path1.prefab using Guid(e62694fceaec3a74d94f564d94c1ed46) Importer(815301076,1909f56bfc062723c751e8b465ee728b)  -> (artifact id: '8fa04bf046cf7953fe6782134b67a0ec') in 2.217135 seconds 
========================================================================
Received Prepare
Registering precompiled user dll's ...
Registered in 0.005855 seconds.
Begin MonoManager ReloadAssembly
Native extension for WindowsStandalone target not found
Refreshing native plugins compatible for Editor in 1.00 ms, found 1 plugins.
Preloading 0 native plugins for Editor in 0.00 ms.
Mono: successfully reloaded assembly
- Completed reload, in  2.437 seconds
Platform modules already initialized, skipping
Refreshing native plugins compatible for Editor in 0.58 ms, found 1 plugins.
Preloading 0 native plugins for Editor in 0.00 ms.
Unloading 2667 Unused Serialized files (Serialized files now loaded: 0)
System memory in use before: 101.8 MB.
System memory in use after: 102.1 MB.

Unloading 10 unused Assets to reduce memory usage. Loaded Objects now: 3140.
Total: 3.038400 ms (FindLiveObjects: 0.258800 ms CreateObjectMapping: 0.172900 ms MarkObjects: 2.579900 ms  DeleteObjects: 0.025000 ms)

========================================================================
Received Prepare
Registering precompiled user dll's ...
Registered in 0.004318 seconds.
Begin MonoManager ReloadAssembly
Native extension for WindowsStandalone target not found
Refreshing native plugins compatible for Editor in 0.53 ms, found 1 plugins.
Preloading 0 native plugins for Editor in 0.00 ms.
Mono: successfully reloaded assembly
- Completed reload, in  1.292 seconds
Platform modules already initialized, skipping
Refreshing native plugins compatible for Editor in 1.12 ms, found 1 plugins.
Preloading 0 native plugins for Editor in 0.00 ms.
Unloading 2667 Unused Serialized files (Serialized files now loaded: 0)
System memory in use before: 101.9 MB.
System memory in use after: 102.1 MB.

Unloading 9 unused Assets to reduce memory usage. Loaded Objects now: 3143.
Total: 3.715600 ms (FindLiveObjects: 0.391200 ms CreateObjectMapping: 0.213900 ms MarkObjects: 3.085200 ms  DeleteObjects: 0.022700 ms)

========================================================================
Received Import Request.
  Time since last request: 193.581580 seconds.
  path: Assets/Prefab/Path1.prefab
  artifactKey: Guid(e62694fceaec3a74d94f564d94c1ed46) Importer(815301076,1909f56bfc062723c751e8b465ee728b)
Start importing Assets/Prefab/Path1.prefab using Guid(e62694fceaec3a74d94f564d94c1ed46) Importer(815301076,1909f56bfc062723c751e8b465ee728b)  -> (artifact id: 'd055248f8f217da0da842d6ee3d3a9fe') in 0.081219 seconds 
========================================================================
Received Prepare
Registering precompiled user dll's ...
Registered in 0.004384 seconds.
Begin MonoManager ReloadAssembly
Native extension for WindowsStandalone target not found
Refreshing native plugins compatible for Editor in 0.55 ms, found 1 plugins.
Preloading 0 native plugins for Editor in 0.00 ms.
Mono: successfully reloaded assembly
- Completed reload, in  1.449 seconds
Platform modules already initialized, skipping
Refreshing native plugins compatible for Editor in 1.00 ms, found 1 plugins.
Preloading 0 native plugins for Editor in 0.00 ms.
Unloading 2667 Unused Serialized files (Serialized files now loaded: 0)
System memory in use before: 101.9 MB.
System memory in use after: 102.1 MB.

Unloading 10 unused Assets to reduce memory usage. Loaded Objects now: 3147.
Total: 2.755700 ms (FindLiveObjects: 0.276800 ms CreateObjectMapping: 0.203200 ms MarkObjects: 2.250800 ms  DeleteObjects: 0.023600 ms)

========================================================================
Received Import Request.
  Time since last request: 6625.098955 seconds.
  path: ProjectSettings/TagManager.asset
  artifactKey: Guid(00000000000000003000000000000000) Importer(815301076,1909f56bfc062723c751e8b465ee728b)
Start importing ProjectSettings/TagManager.asset using Guid(00000000000000003000000000000000) Importer(815301076,1909f56bfc062723c751e8b465ee728b)  -> (artifact id: '431b28a72c67aa2d8bea0b5ce59aaa09') in 0.278492 seconds 
========================================================================
Received Prepare
Registering precompiled user dll's ...
Registered in 0.021265 seconds.
Begin MonoManager ReloadAssembly
Native extension for WindowsStandalone target not found
Refreshing native plugins compatible for Editor in 0.58 ms, found 1 plugins.
Preloading 0 native plugins for Editor in 0.00 ms.
Mono: successfully reloaded assembly
- Completed reload, in  2.977 seconds
Platform modules already initialized, skipping
Refreshing native plugins compatible for Editor in 0.67 ms, found 1 plugins.
Preloading 0 native plugins for Editor in 0.00 ms.
Unloading 2667 Unused Serialized files (Serialized files now loaded: 0)
System memory in use before: 101.9 MB.
System memory in use after: 102.1 MB.

Unloading 10 unused Assets to reduce memory usage. Loaded Objects now: 3150.
Total: 3.045800 ms (FindLiveObjects: 0.294400 ms CreateObjectMapping: 0.122300 ms MarkObjects: 2.596400 ms  DeleteObjects: 0.030700 ms)

